<?xml version="1.0" encoding="UTF-8"?>
<testsuite name="io.sample.ouath2native.Ouath2NativeApplicationTests" tests="1" skipped="0" failures="0" errors="0" timestamp="2022-11-15T16:25:25" hostname="DESKTOP-F55RK1N" time="0.847">
  <properties/>
  <testcase name="contextLoads()" classname="io.sample.ouath2native.Ouath2NativeApplicationTests" time="0.847"/>
  <system-out><![CDATA[01:25:21.043 [Test worker] DEBUG org.springframework.test.context.BootstrapUtils - Instantiating CacheAwareContextLoaderDelegate from class [org.springframework.test.context.cache.DefaultCacheAwareContextLoaderDelegate]
01:25:21.080 [Test worker] DEBUG org.springframework.test.context.BootstrapUtils - Instantiating BootstrapContext using constructor [public org.springframework.test.context.support.DefaultBootstrapContext(java.lang.Class,org.springframework.test.context.CacheAwareContextLoaderDelegate)]
01:25:21.157 [Test worker] DEBUG org.springframework.test.context.BootstrapUtils - Instantiating TestContextBootstrapper for test class [io.sample.ouath2native.Ouath2NativeApplicationTests] from class [org.springframework.boot.test.context.SpringBootTestContextBootstrapper]
01:25:21.182 [Test worker] INFO org.springframework.boot.test.context.SpringBootTestContextBootstrapper - Neither @ContextConfiguration nor @ContextHierarchy found for test class [io.sample.ouath2native.Ouath2NativeApplicationTests], using SpringBootContextLoader
01:25:21.195 [Test worker] DEBUG org.springframework.test.context.support.AbstractContextLoader - Did not detect default resource location for test class [io.sample.ouath2native.Ouath2NativeApplicationTests]: class path resource [io/sample/ouath2native/Ouath2NativeApplicationTests-context.xml] does not exist
01:25:21.195 [Test worker] DEBUG org.springframework.test.context.support.AbstractContextLoader - Did not detect default resource location for test class [io.sample.ouath2native.Ouath2NativeApplicationTests]: class path resource [io/sample/ouath2native/Ouath2NativeApplicationTestsContext.groovy] does not exist
01:25:21.196 [Test worker] INFO org.springframework.test.context.support.AbstractContextLoader - Could not detect default resource locations for test class [io.sample.ouath2native.Ouath2NativeApplicationTests]: no resource found for suffixes {-context.xml, Context.groovy}.
01:25:21.198 [Test worker] INFO org.springframework.test.context.support.AnnotationConfigContextLoaderUtils - Could not detect default configuration classes for test class [io.sample.ouath2native.Ouath2NativeApplicationTests]: Ouath2NativeApplicationTests does not declare any static, non-private, non-final, nested classes annotated with @Configuration.
01:25:21.315 [Test worker] DEBUG org.springframework.test.context.support.ActiveProfilesUtils - Could not find an 'annotation declaring class' for annotation type [org.springframework.test.context.ActiveProfiles] and class [io.sample.ouath2native.Ouath2NativeApplicationTests]
01:25:21.479 [Test worker] DEBUG org.springframework.context.annotation.ClassPathScanningCandidateComponentProvider - Identified candidate component class: file [D:\springStudy\ouath2-native\ouath2-native\build\classes\java\main\io\sample\ouath2native\Ouath2NativeApplication.class]
01:25:21.513 [Test worker] INFO org.springframework.boot.test.context.SpringBootTestContextBootstrapper - Found @SpringBootConfiguration io.sample.ouath2native.Ouath2NativeApplication for test class io.sample.ouath2native.Ouath2NativeApplicationTests
01:25:21.732 [Test worker] DEBUG org.springframework.boot.test.context.SpringBootTestContextBootstrapper - @TestExecutionListeners is not present for class [io.sample.ouath2native.Ouath2NativeApplicationTests]: using defaults.
01:25:21.733 [Test worker] INFO org.springframework.boot.test.context.SpringBootTestContextBootstrapper - Loaded default TestExecutionListener class names from location [META-INF/spring.factories]: [org.springframework.boot.test.autoconfigure.restdocs.RestDocsTestExecutionListener, org.springframework.boot.test.autoconfigure.web.client.MockRestServiceServerResetTestExecutionListener, org.springframework.boot.test.autoconfigure.web.servlet.MockMvcPrintOnlyOnFailureTestExecutionListener, org.springframework.boot.test.autoconfigure.web.servlet.WebDriverTestExecutionListener, org.springframework.boot.test.autoconfigure.webservices.client.MockWebServiceServerTestExecutionListener, org.springframework.boot.test.mock.mockito.MockitoTestExecutionListener, org.springframework.boot.test.mock.mockito.ResetMocksTestExecutionListener, org.springframework.test.context.web.ServletTestExecutionListener, org.springframework.test.context.support.DirtiesContextBeforeModesTestExecutionListener, org.springframework.test.context.event.ApplicationEventsTestExecutionListener, org.springframework.test.context.support.DependencyInjectionTestExecutionListener, org.springframework.test.context.support.DirtiesContextTestExecutionListener, org.springframework.test.context.transaction.TransactionalTestExecutionListener, org.springframework.test.context.jdbc.SqlScriptsTestExecutionListener, org.springframework.test.context.event.EventPublishingTestExecutionListener]
01:25:21.754 [Test worker] DEBUG org.springframework.boot.test.context.SpringBootTestContextBootstrapper - Skipping candidate TestExecutionListener [org.springframework.test.context.transaction.TransactionalTestExecutionListener] due to a missing dependency. Specify custom listener classes or make the default listener classes and their required dependencies available. Offending class: [org/springframework/transaction/interceptor/TransactionAttributeSource]
01:25:21.754 [Test worker] DEBUG org.springframework.boot.test.context.SpringBootTestContextBootstrapper - Skipping candidate TestExecutionListener [org.springframework.test.context.jdbc.SqlScriptsTestExecutionListener] due to a missing dependency. Specify custom listener classes or make the default listener classes and their required dependencies available. Offending class: [org/springframework/transaction/interceptor/TransactionAttribute]
01:25:21.755 [Test worker] INFO org.springframework.boot.test.context.SpringBootTestContextBootstrapper - Using TestExecutionListeners: [org.springframework.test.context.web.ServletTestExecutionListener@6ce1f601, org.springframework.test.context.support.DirtiesContextBeforeModesTestExecutionListener@38875e7d, org.springframework.test.context.event.ApplicationEventsTestExecutionListener@1e886a5b, org.springframework.boot.test.mock.mockito.MockitoTestExecutionListener@d816dde, org.springframework.boot.test.autoconfigure.SpringBootDependencyInjectionTestExecutionListener@6e33c391, org.springframework.test.context.support.DirtiesContextTestExecutionListener@6c451c9c, org.springframework.test.context.event.EventPublishingTestExecutionListener@31c269fd, org.springframework.boot.test.autoconfigure.restdocs.RestDocsTestExecutionListener@372b0d86, org.springframework.boot.test.autoconfigure.web.client.MockRestServiceServerResetTestExecutionListener@47747fb9, org.springframework.boot.test.autoconfigure.web.servlet.MockMvcPrintOnlyOnFailureTestExecutionListener@3113a37, org.springframework.boot.test.autoconfigure.web.servlet.WebDriverTestExecutionListener@213e3629, org.springframework.boot.test.autoconfigure.webservices.client.MockWebServiceServerTestExecutionListener@4e9658b5, org.springframework.boot.test.mock.mockito.ResetMocksTestExecutionListener@2a7b6f69]
01:25:21.761 [Test worker] DEBUG org.springframework.test.context.support.AbstractDirtiesContextTestExecutionListener - Before test class: context [DefaultTestContext@52c8295b testClass = Ouath2NativeApplicationTests, testInstance = [null], testMethod = [null], testException = [null], mergedContextConfiguration = [WebMergedContextConfiguration@251f7d26 testClass = Ouath2NativeApplicationTests, locations = '{}', classes = '{class io.sample.ouath2native.Ouath2NativeApplication}', contextInitializerClasses = '[]', activeProfiles = '{}', propertySourceLocations = '{}', propertySourceProperties = '{org.springframework.boot.test.context.SpringBootTestContextBootstrapper=true}', contextCustomizers = set[org.springframework.boot.test.autoconfigure.actuate.metrics.MetricsExportContextCustomizerFactory$DisableMetricExportContextCustomizer@55342f40, org.springframework.boot.test.autoconfigure.properties.PropertyMappingContextCustomizer@0, org.springframework.boot.test.autoconfigure.web.servlet.WebDriverContextCustomizerFactory$Customizer@3f0846c6, org.springframework.boot.test.context.filter.ExcludeFilterContextCustomizer@45e37a7e, org.springframework.boot.test.json.DuplicateJsonObjectContextCustomizerFactory$DuplicateJsonObjectContextCustomizer@1021f6c9, org.springframework.boot.test.mock.mockito.MockitoContextCustomizer@0, org.springframework.boot.test.web.client.TestRestTemplateContextCustomizer@1cbf6e72, org.springframework.boot.test.context.SpringBootTestArgs@1, org.springframework.boot.test.context.SpringBootTestWebEnvironment@2c78324b], resourceBasePath = 'src/main/webapp', contextLoader = 'org.springframework.boot.test.context.SpringBootContextLoader', parent = [null]], attributes = map['org.springframework.test.context.web.ServletTestExecutionListener.activateListener' -> true]], class annotated with @DirtiesContext [false] with mode [null].

  .   ____          _            __ _ _
 /\\ / ___'_ __ _ _(_)_ __  __ _ \ \ \ \
( ( )\___ | '_ | '_| | '_ \/ _` | \ \ \ \
 \\/  ___)| |_)| | | | | || (_| |  ) ) ) )
  '  |____| .__|_| |_|_| |_\__, | / / / /
 =========|_|==============|___/=/_/_/_/
 :: Spring Boot ::                (v2.7.5)

2022-11-16 01:25:22.381  INFO 9272 --- [    Test worker] i.s.o.Ouath2NativeApplicationTests       : Starting Ouath2NativeApplicationTests using Java 11.0.9 on DESKTOP-F55RK1N with PID 9272 (started by ksw in D:\springStudy\ouath2-native\ouath2-native)
2022-11-16 01:25:22.384  INFO 9272 --- [    Test worker] i.s.o.Ouath2NativeApplicationTests       : No active profile set, falling back to 1 default profile: "default"
2022-11-16 01:25:25.535  INFO 9272 --- [    Test worker] i.s.o.Ouath2NativeApplicationTests       : Started Ouath2NativeApplicationTests in 3.701 seconds (JVM running for 8.618)
]]></system-out>
  <system-err><![CDATA[]]></system-err>
</testsuite>
